-------------------------------------------------------------------------------
Test set: com.nnk.springboot.controllers.TradeControllerTest
-------------------------------------------------------------------------------
Tests run: 8, Failures: 1, Errors: 0, Skipped: 0, Time elapsed: 0.177 s <<< FAILURE! - in com.nnk.springboot.controllers.TradeControllerTest
testUpdateTrade(com.nnk.springboot.controllers.TradeControllerTest)  Time elapsed: 0 s  <<< FAILURE!
org.junit.ComparisonFailure: expected:<redirect:/[]trade/list> but was:<redirect:/[]]trade/list>
	at com.nnk.springboot.controllers.TradeControllerTest.testUpdateTrade(TradeControllerTest.java:114)

